(0000) 3000  0011000000000000 (   9)                 .ORIG x3000
(3000) 5260  0101001001100000 (  10)                 AND   R1 R1 #0
(3001) 54A0  0101010010100000 (  11)                 AND   R2 R2 #0
(3002) 56E0  0101011011100000 (  12)                 AND   R3 R3 #0
(3003) E427  1110010000100111 (  13)                 LEA   R2 Store
(3004) 265E  0010011001011110 (  14)                 LD    R3 Enter
(3005) E23D  1110001000111101 (  18)                 LEA   R1 Prompt
(3006) 6040  0110000001000000 (  19) Loop1           LDR   R0 R1 #0
(3007) 0403  0000010000000011 (  20)                 BRZ   Input
(3008) F021  1111000000100001 (  21)                 TRAP  x21
(3009) 1261  0001001001100001 (  22)                 ADD   R1 R1 #1
(300A) 0FFB  0000111111111011 (  23)                 BRNZP Loop1
(300B) F020  1111000000100000 (  27) Input           TRAP  x20
(300C) F021  1111000000100001 (  28)                 TRAP  x21
(300D) 7080  0111000010000000 (  29)                 STR   R0 R2 #0
(300E) 1803  0001100000000011 (  30)                 ADD   R4 R0 R3
(300F) 0402  0000010000000010 (  31)                 BRZ   Done
(3010) 14A1  0001010010100001 (  32)                 ADD   R2 R2 #1
(3011) 0FF9  0000111111111001 (  33)                 BRNZP Input
(3012) E23F  1110001000111111 (  37) Done            LEA   R1 Second
(3013) 6040  0110000001000000 (  38) Loop2           LDR   R0 R1 #0
(3014) 0403  0000010000000011 (  39)                 BRZ   Last
(3015) F021  1111000000100001 (  40)                 TRAP  x21
(3016) 1261  0001001001100001 (  41)                 ADD   R1 R1 #1
(3017) 0FFB  0000111111111011 (  42)                 BRNZP Loop2
(3018) E212  1110001000010010 (  46) Last            LEA   R1 Store
(3019) 1261  0001001001100001 (  47)                 ADD   R1 R1 #1
(301A) 6040  0110000001000000 (  48) Loop3           LDR   R0 R1 #0
(301B) 0405  0000010000000101 (  49)                 BRZ   Step2
(301C) 1803  0001100000000011 (  50)                 ADD   R4 R0 R3
(301D) 0403  0000010000000011 (  51)                 BRZ   Step2
(301E) F021  1111000000100001 (  52)                 TRAP  x21
(301F) 1261  0001001001100001 (  53)                 ADD   R1 R1 #1
(3020) 0FF9  0000111111111001 (  54)                 BRNZP Loop3
(3021) E209  1110001000001001 (  55) Step2           LEA   R1 Store
(3022) 6040  0110000001000000 (  56)                 LDR   R0 R1 #0
(3023) F021  1111000000100001 (  57)                 TRAP  x21
(3024) E21B  1110001000011011 (  58)                 LEA   R1 Latin
(3025) 6040  0110000001000000 (  59) Loop4           LDR   R0 R1 #0
(3026) 0403  0000010000000011 (  60)                 BRZ   Finish
(3027) F021  1111000000100001 (  61)                 TRAP  x21
(3028) 1261  0001001001100001 (  62)                 ADD   R1 R1 #1
(3029) 0FFB  0000111111111011 (  63)                 BRNZP Loop4
(302A) F025  1111000000100101 (  65) Finish          TRAP  x25
(302B) 0000  0000000000000000 (  68) Store           .FILL x0000
(302C) 0000  0000000000000000 (  68)                 .FILL x0000
(302D) 0000  0000000000000000 (  68)                 .FILL x0000
(302E) 0000  0000000000000000 (  68)                 .FILL x0000
(302F) 0000  0000000000000000 (  68)                 .FILL x0000
(3030) 0000  0000000000000000 (  68)                 .FILL x0000
(3031) 0000  0000000000000000 (  68)                 .FILL x0000
(3032) 0000  0000000000000000 (  68)                 .FILL x0000
(3033) 0000  0000000000000000 (  68)                 .FILL x0000
(3034) 0000  0000000000000000 (  68)                 .FILL x0000
(3035) 0000  0000000000000000 (  68)                 .FILL x0000
(3036) 0000  0000000000000000 (  68)                 .FILL x0000
(3037) 0000  0000000000000000 (  68)                 .FILL x0000
(3038) 0000  0000000000000000 (  68)                 .FILL x0000
(3039) 0000  0000000000000000 (  68)                 .FILL x0000
(303A) 0000  0000000000000000 (  68)                 .FILL x0000
(303B) 0000  0000000000000000 (  68)                 .FILL x0000
(303C) 0000  0000000000000000 (  68)                 .FILL x0000
(303D) 0000  0000000000000000 (  68)                 .FILL x0000
(303E) 0000  0000000000000000 (  68)                 .FILL x0000
(303F) 0000  0000000000000000 (  68)                 .FILL x0000
(3040) 0061  0000000001100001 (  68) Latin           .FILL x0061
(3041) 0079  0000000001111001 (  68)                 .FILL x0079
(3042) 0000  0000000000000000 (  68)                 .FILL x0000
(3043) 0045  0000000001000101 (  69) Prompt          .FILL x0045
(3044) 006E  0000000001101110 (  69)                 .FILL x006E
(3045) 0067  0000000001100111 (  69)                 .FILL x0067
(3046) 006C  0000000001101100 (  69)                 .FILL x006C
(3047) 0069  0000000001101001 (  69)                 .FILL x0069
(3048) 0073  0000000001110011 (  69)                 .FILL x0073
(3049) 0068  0000000001101000 (  69)                 .FILL x0068
(304A) 0020  0000000000100000 (  69)                 .FILL x0020
(304B) 0057  0000000001010111 (  69)                 .FILL x0057
(304C) 006F  0000000001101111 (  69)                 .FILL x006F
(304D) 0072  0000000001110010 (  69)                 .FILL x0072
(304E) 0064  0000000001100100 (  69)                 .FILL x0064
(304F) 003A  0000000000111010 (  69)                 .FILL x003A
(3050) 0020  0000000000100000 (  69)                 .FILL x0020
(3051) 0000  0000000000000000 (  69)                 .FILL x0000
(3052) 0050  0000000001010000 (  70) Second          .FILL x0050
(3053) 0069  0000000001101001 (  70)                 .FILL x0069
(3054) 0067  0000000001100111 (  70)                 .FILL x0067
(3055) 002D  0000000000101101 (  70)                 .FILL x002D
(3056) 004C  0000000001001100 (  70)                 .FILL x004C
(3057) 0061  0000000001100001 (  70)                 .FILL x0061
(3058) 0074  0000000001110100 (  70)                 .FILL x0074
(3059) 0069  0000000001101001 (  70)                 .FILL x0069
(305A) 006E  0000000001101110 (  70)                 .FILL x006E
(305B) 0020  0000000000100000 (  70)                 .FILL x0020
(305C) 0057  0000000001010111 (  70)                 .FILL x0057
(305D) 006F  0000000001101111 (  70)                 .FILL x006F
(305E) 0072  0000000001110010 (  70)                 .FILL x0072
(305F) 0064  0000000001100100 (  70)                 .FILL x0064
(3060) 003A  0000000000111010 (  70)                 .FILL x003A
(3061) 0020  0000000000100000 (  70)                 .FILL x0020
(3062) 0000  0000000000000000 (  70)                 .FILL x0000
(3063) FFF6  1111111111110110 (  71) Enter           .FILL xFFF6
