(0000) 3000  0011000000000000 (   7)                 .ORIG x3000
(3000) 5260  0101001001100000 (   8)                 AND   R1 R1 #0
(3001) 54A0  0101010010100000 (   9)                 AND   R2 R2 #0
(3002) 56E0  0101011011100000 (  10)                 AND   R3 R3 #0
(3003) 204E  0010000001001110 (  12)                 LD    R0 Q1
(3004) F022  1111000000100010 (  13)                 TRAP  x22
(3005) 4824  0100100000100100 (  14)                 JSR   GetIn
(3006) 224E  0010001001001110 (  15)                 LD    R1 Q1A
(3007) 482D  0100100000101101 (  16)                 JSR   GetVal
(3008) 1480  0001010010000000 (  17)                 ADD   R2 R2 R0
(3009) 2049  0010000001001001 (  19)                 LD    R0 Q2
(300A) F022  1111000000100010 (  20)                 TRAP  x22
(300B) 481E  0100100000011110 (  21)                 JSR   GetIn
(300C) 2249  0010001001001001 (  22)                 LD    R1 Q2A
(300D) 4827  0100100000100111 (  23)                 JSR   GetVal
(300E) 1480  0001010010000000 (  24)                 ADD   R2 R2 R0
(300F) 2044  0010000001000100 (  26)                 LD    R0 Q3
(3010) F022  1111000000100010 (  27)                 TRAP  x22
(3011) 4818  0100100000011000 (  28)                 JSR   GetIn
(3012) 2244  0010001001000100 (  29)                 LD    R1 Q3A
(3013) 4821  0100100000100001 (  30)                 JSR   GetVal
(3014) 1480  0001010010000000 (  31)                 ADD   R2 R2 R0
(3015) 2239  0010001000111001 (  33)                 LD    R1 TRY1
(3016) 1481  0001010010000001 (  34)                 ADD   R2 R2 R1
(3017) 0203  0000001000000011 (  35)                 BRP   SKIP1
(3018) 203F  0010000000111111 (  36)                 LD    R0 A1
(3019) F022  1111000000100010 (  37)                 TRAP  x22
(301A) 0E0E  0000111000001110 (  38)                 BRNZP DONE
(301B) 2234  0010001000110100 (  39) SKIP1           LD    R1 TRY2
(301C) 1481  0001010010000001 (  40)                 ADD   R2 R2 R1
(301D) 0203  0000001000000011 (  41)                 BRP   SKIP2
(301E) 203A  0010000000111010 (  42)                 LD    R0 A2
(301F) F022  1111000000100010 (  43)                 TRAP  x22
(3020) 0E08  0000111000001000 (  44)                 BRNZP DONE
(3021) 222F  0010001000101111 (  45) SKIP2           LD    R1 TRY3
(3022) 1481  0001010010000001 (  46)                 ADD   R2 R2 R1
(3023) 0203  0000001000000011 (  47)                 BRP   SKIP3
(3024) 2035  0010000000110101 (  48)                 LD    R0 A3
(3025) F022  1111000000100010 (  49)                 TRAP  x22
(3026) 0E02  0000111000000010 (  50)                 BRNZP DONE
(3027) 2033  0010000000110011 (  51) SKIP3           LD    R0 A4
(3028) F022  1111000000100010 (  52)                 TRAP  x22
(3029) F025  1111000000100101 (  53) DONE            TRAP  x25
(302A) 320D  0011001000001101 (  57) GetIn           ST    R1 SaveR1
(302B) 3E0D  0011111000001101 (  58)                 ST    R7 SaveR7
(302C) E00E  1110000000001110 (  59)                 LEA   R0 Prompt
(302D) F022  1111000000100010 (  60)                 TRAP  x22
(302E) F020  1111000000100000 (  64)                 TRAP  x20
(302F) F021  1111000000100001 (  65)                 TRAP  x21
(3030) 2209  0010001000001001 (  66)                 LD    R1 Convert
(3031) 1001  0001000000000001 (  67)                 ADD   R0 R0 R1
(3032) 2205  0010001000000101 (  71)                 LD    R1 SaveR1
(3033) 2E05  0010111000000101 (  72)                 LD    R7 SaveR7
(3034) C1C0  1100000111000000 (  73)                 RET   
(3035) 1001  0001000000000001 (  79) GetVal          ADD   R0 R0 R1
(3036) 6000  0110000000000000 (  80)                 LDR   R0 R0 #0
(3037) C1C0  1100000111000000 (  81)                 RET   
(3038) 0000  0000000000000000 (  86) SaveR1          .FILL x0000
(3039) 0000  0000000000000000 (  87) SaveR7          .FILL x0000
(303A) FFCF  1111111111001111 (  88) Convert         .FILL xFFCF
(303B) 0045  0000000001000101 (  89) Prompt          .FILL x0045
(303C) 006E  0000000001101110 (  89)                 .FILL x006E
(303D) 0074  0000000001110100 (  89)                 .FILL x0074
(303E) 0065  0000000001100101 (  89)                 .FILL x0065
(303F) 0072  0000000001110010 (  89)                 .FILL x0072
(3040) 0020  0000000000100000 (  89)                 .FILL x0020
(3041) 0079  0000000001111001 (  89)                 .FILL x0079
(3042) 006F  0000000001101111 (  89)                 .FILL x006F
(3043) 0075  0000000001110101 (  89)                 .FILL x0075
(3044) 0072  0000000001110010 (  89)                 .FILL x0072
(3045) 0020  0000000000100000 (  89)                 .FILL x0020
(3046) 0061  0000000001100001 (  89)                 .FILL x0061
(3047) 006E  0000000001101110 (  89)                 .FILL x006E
(3048) 0073  0000000001110011 (  89)                 .FILL x0073
(3049) 0077  0000000001110111 (  89)                 .FILL x0077
(304A) 0065  0000000001100101 (  89)                 .FILL x0065
(304B) 0072  0000000001110010 (  89)                 .FILL x0072
(304C) 003A  0000000000111010 (  89)                 .FILL x003A
(304D) 0020  0000000000100000 (  89)                 .FILL x0020
(304E) 0000  0000000000000000 (  89)                 .FILL x0000
(304F) FFF6  1111111111110110 (  91) TRY1            .FILL xFFF6
(3050) FFFB  1111111111111011 (  92) TRY2            .FILL xFFFB
(3051) FFFA  1111111111111010 (  93) TRY3            .FILL xFFFA
(3052) 3300  0011001100000000 (  94) Q1              .FILL x3300
(3053) 336E  0011001101101110 (  95) Q2              .FILL x336E
(3054) 33DB  0011001111011011 (  96) Q3              .FILL x33DB
(3055) 336A  0011001101101010 (  97) Q1A             .FILL x336A
(3056) 33D7  0011001111010111 (  98) Q2A             .FILL x33D7
(3057) 343D  0011010000111101 (  99) Q3A             .FILL x343D
(3058) 3441  0011010001000001 ( 100) A1              .FILL x3441
(3059) 3471  0011010001110001 ( 101) A2              .FILL x3471
(305A) 349F  0011010010011111 ( 102) A3              .FILL x349F
(305B) 34CE  0011010011001110 ( 103) A4              .FILL x34CE
