(0000) 3300  0011001100000000 (   1)                 .ORIG x3300
(3300) 3E13  0011111000010011 (   2)                 ST    R7 SaveR7
(3301) 3410  0011010000010000 (   3)                 ST    R2 SaveR2
(3302) 3610  0011011000010000 (   4)                 ST    R3 SaveR3
(3303) 56E0  0101011011100000 (   5)                 AND   R3 R3 #0
(3304) A40B  1010010000001011 (   7) Ready           LDI   R2 DSR
(3305) 07FE  0000011111111110 (   8)                 BRZP  Ready
(3306) 56E1  0101011011100001 (   9)                 AND   R3 R3 #1
(3307) 0203  0000001000000011 (  10)                 BRP   Next
(3308) B008  1011000000001000 (  11)                 STI   R0 DDR
(3309) 16E1  0001011011100001 (  12)                 ADD   R3 R3 #1
(330A) 0FF9  0000111111111001 (  13)                 BRNZP Ready
(330B) B205  1011001000000101 (  14) Next            STI   R1 DDR
(330C) 2405  0010010000000101 (  16)                 LD    R2 SaveR2
(330D) 2605  0010011000000101 (  17)                 LD    R3 SaveR3
(330E) 2E05  0010111000000101 (  18)                 LD    R7 SaveR7
(330F) C1C0  1100000111000000 (  19)                 RET   
(3310) FE04  1111111000000100 (  20) DSR             .FILL xFE04
(3311) FE06  1111111000000110 (  21) DDR             .FILL xFE06
(3312) 0000  0000000000000000 (  22) SaveR2          .FILL x0000
(3313) 0000  0000000000000000 (  23) SaveR3          .FILL x0000
(3314) 0000  0000000000000000 (  24) SaveR7          .FILL x0000
