(0000) 3300  0011001100000000 (   1)                 .ORIG x3300
(3300) 000A  0000000000001010 (   3) Q1              .FILL x000A
(3301) 0057  0000000001010111 (   3)                 .FILL x0057
(3302) 0068  0000000001101000 (   3)                 .FILL x0068
(3303) 0061  0000000001100001 (   3)                 .FILL x0061
(3304) 0074  0000000001110100 (   3)                 .FILL x0074
(3305) 0020  0000000000100000 (   3)                 .FILL x0020
(3306) 0073  0000000001110011 (   3)                 .FILL x0073
(3307) 0069  0000000001101001 (   3)                 .FILL x0069
(3308) 007A  0000000001111010 (   3)                 .FILL x007A
(3309) 0065  0000000001100101 (   3)                 .FILL x0065
(330A) 0020  0000000000100000 (   3)                 .FILL x0020
(330B) 0069  0000000001101001 (   3)                 .FILL x0069
(330C) 0073  0000000001110011 (   3)                 .FILL x0073
(330D) 0020  0000000000100000 (   3)                 .FILL x0020
(330E) 0079  0000000001111001 (   3)                 .FILL x0079
(330F) 006F  0000000001101111 (   3)                 .FILL x006F
(3310) 0075  0000000001110101 (   3)                 .FILL x0075
(3311) 0072  0000000001110010 (   3)                 .FILL x0072
(3312) 0020  0000000000100000 (   3)                 .FILL x0020
(3313) 0050  0000000001010000 (   3)                 .FILL x0050
(3314) 0043  0000000001000011 (   3)                 .FILL x0043
(3315) 0020  0000000000100000 (   3)                 .FILL x0020
(3316) 0063  0000000001100011 (   3)                 .FILL x0063
(3317) 0061  0000000001100001 (   3)                 .FILL x0061
(3318) 0073  0000000001110011 (   3)                 .FILL x0073
(3319) 0065  0000000001100101 (   3)                 .FILL x0065
(331A) 003F  0000000000111111 (   3)                 .FILL x003F
(331B) 000A  0000000000001010 (   3)                 .FILL x000A
(331C) 0020  0000000000100000 (   3)                 .FILL x0020
(331D) 0020  0000000000100000 (   3)                 .FILL x0020
(331E) 0020  0000000000100000 (   3)                 .FILL x0020
(331F) 0031  0000000000110001 (   3)                 .FILL x0031
(3320) 0020  0000000000100000 (   3)                 .FILL x0020
(3321) 002D  0000000000101101 (   3)                 .FILL x002D
(3322) 0020  0000000000100000 (   3)                 .FILL x0020
(3323) 0054  0000000001010100 (   3)                 .FILL x0054
(3324) 0061  0000000001100001 (   3)                 .FILL x0061
(3325) 006B  0000000001101011 (   3)                 .FILL x006B
(3326) 0065  0000000001100101 (   3)                 .FILL x0065
(3327) 0073  0000000001110011 (   3)                 .FILL x0073
(3328) 0020  0000000000100000 (   3)                 .FILL x0020
(3329) 0075  0000000001110101 (   3)                 .FILL x0075
(332A) 0070  0000000001110000 (   3)                 .FILL x0070
(332B) 0020  0000000000100000 (   3)                 .FILL x0020
(332C) 0061  0000000001100001 (   3)                 .FILL x0061
(332D) 0020  0000000000100000 (   3)                 .FILL x0020
(332E) 0072  0000000001110010 (   3)                 .FILL x0072
(332F) 006F  0000000001101111 (   3)                 .FILL x006F
(3330) 006F  0000000001101111 (   3)                 .FILL x006F
(3331) 006D  0000000001101101 (   3)                 .FILL x006D
(3332) 000A  0000000000001010 (   3)                 .FILL x000A
(3333) 0020  0000000000100000 (   3)                 .FILL x0020
(3334) 0020  0000000000100000 (   3)                 .FILL x0020
(3335) 0020  0000000000100000 (   3)                 .FILL x0020
(3336) 0032  0000000000110010 (   3)                 .FILL x0032
(3337) 0020  0000000000100000 (   3)                 .FILL x0020
(3338) 002D  0000000000101101 (   3)                 .FILL x002D
(3339) 0020  0000000000100000 (   3)                 .FILL x0020
(333A) 0053  0000000001010011 (   3)                 .FILL x0053
(333B) 006C  0000000001101100 (   3)                 .FILL x006C
(333C) 0069  0000000001101001 (   3)                 .FILL x0069
(333D) 006D  0000000001101101 (   3)                 .FILL x006D
(333E) 002F  0000000000101111 (   3)                 .FILL x002F
(333F) 006D  0000000001101101 (   3)                 .FILL x006D
(3340) 0069  0000000001101001 (   3)                 .FILL x0069
(3341) 0063  0000000001100011 (   3)                 .FILL x0063
(3342) 0072  0000000001110010 (   3)                 .FILL x0072
(3343) 006F  0000000001101111 (   3)                 .FILL x006F
(3344) 0041  0000000001000001 (   3)                 .FILL x0041
(3345) 0054  0000000001010100 (   3)                 .FILL x0054
(3346) 0058  0000000001011000 (   3)                 .FILL x0058
(3347) 000A  0000000000001010 (   3)                 .FILL x000A
(3348) 0020  0000000000100000 (   3)                 .FILL x0020
(3349) 0020  0000000000100000 (   3)                 .FILL x0020
(334A) 0020  0000000000100000 (   3)                 .FILL x0020
(334B) 0033  0000000000110011 (   3)                 .FILL x0033
(334C) 0020  0000000000100000 (   3)                 .FILL x0020
(334D) 002D  0000000000101101 (   3)                 .FILL x002D
(334E) 0020  0000000000100000 (   3)                 .FILL x0020
(334F) 0041  0000000001000001 (   3)                 .FILL x0041
(3350) 0054  0000000001010100 (   3)                 .FILL x0054
(3351) 0058  0000000001011000 (   3)                 .FILL x0058
(3352) 002F  0000000000101111 (   3)                 .FILL x002F
(3353) 0058  0000000001011000 (   3)                 .FILL x0058
(3354) 004C  0000000001001100 (   3)                 .FILL x004C
(3355) 002D  0000000000101101 (   3)                 .FILL x002D
(3356) 0041  0000000001000001 (   3)                 .FILL x0041
(3357) 0054  0000000001010100 (   3)                 .FILL x0054
(3358) 0058  0000000001011000 (   3)                 .FILL x0058
(3359) 000A  0000000000001010 (   3)                 .FILL x000A
(335A) 0020  0000000000100000 (   3)                 .FILL x0020
(335B) 0020  0000000000100000 (   3)                 .FILL x0020
(335C) 0020  0000000000100000 (   3)                 .FILL x0020
(335D) 0034  0000000000110100 (   3)                 .FILL x0034
(335E) 0020  0000000000100000 (   3)                 .FILL x0020
(335F) 002D  0000000000101101 (   3)                 .FILL x002D
(3360) 0020  0000000000100000 (   3)                 .FILL x0020
(3361) 004D  0000000001001101 (   3)                 .FILL x004D
(3362) 0069  0000000001101001 (   3)                 .FILL x0069
(3363) 0064  0000000001100100 (   3)                 .FILL x0064
(3364) 0020  0000000000100000 (   3)                 .FILL x0020
(3365) 0041  0000000001000001 (   3)                 .FILL x0041
(3366) 0054  0000000001010100 (   3)                 .FILL x0054
(3367) 0058  0000000001011000 (   3)                 .FILL x0058
(3368) 000A  0000000000001010 (   3)                 .FILL x000A
(3369) 0000  0000000000000000 (   3)                 .FILL x0000
(336A) 0007  0000000000000111 (   4) Val_A1_1        .FILL x0007
(336B) 0002  0000000000000010 (   5) Val_A1_2        .FILL x0002
(336C) 0007  0000000000000111 (   6) Val_A1_3        .FILL x0007
(336D) 0004  0000000000000100 (   7) Val_A1_4        .FILL x0004
(336E) 000A  0000000000001010 (   9) Q2              .FILL x000A
(336F) 0048  0000000001001000 (   9)                 .FILL x0048
(3370) 006F  0000000001101111 (   9)                 .FILL x006F
(3371) 0077  0000000001110111 (   9)                 .FILL x0077
(3372) 0020  0000000000100000 (   9)                 .FILL x0020
(3373) 006D  0000000001101101 (   9)                 .FILL x006D
(3374) 0061  0000000001100001 (   9)                 .FILL x0061
(3375) 006E  0000000001101110 (   9)                 .FILL x006E
(3376) 0079  0000000001111001 (   9)                 .FILL x0079
(3377) 0020  0000000000100000 (   9)                 .FILL x0020
(3378) 0076  0000000001110110 (   9)                 .FILL x0076
(3379) 0069  0000000001101001 (   9)                 .FILL x0069
(337A) 0064  0000000001100100 (   9)                 .FILL x0064
(337B) 0065  0000000001100101 (   9)                 .FILL x0065
(337C) 006F  0000000001101111 (   9)                 .FILL x006F
(337D) 0020  0000000000100000 (   9)                 .FILL x0020
(337E) 0063  0000000001100011 (   9)                 .FILL x0063
(337F) 0061  0000000001100001 (   9)                 .FILL x0061
(3380) 0072  0000000001110010 (   9)                 .FILL x0072
(3381) 0064  0000000001100100 (   9)                 .FILL x0064
(3382) 0073  0000000001110011 (   9)                 .FILL x0073
(3383) 0020  0000000000100000 (   9)                 .FILL x0020
(3384) 0064  0000000001100100 (   9)                 .FILL x0064
(3385) 006F  0000000001101111 (   9)                 .FILL x006F
(3386) 0020  0000000000100000 (   9)                 .FILL x0020
(3387) 0079  0000000001111001 (   9)                 .FILL x0079
(3388) 006F  0000000001101111 (   9)                 .FILL x006F
(3389) 0075  0000000001110101 (   9)                 .FILL x0075
(338A) 0020  0000000000100000 (   9)                 .FILL x0020
(338B) 0068  0000000001101000 (   9)                 .FILL x0068
(338C) 0061  0000000001100001 (   9)                 .FILL x0061
(338D) 0076  0000000001110110 (   9)                 .FILL x0076
(338E) 0065  0000000001100101 (   9)                 .FILL x0065
(338F) 003F  0000000000111111 (   9)                 .FILL x003F
(3390) 000A  0000000000001010 (   9)                 .FILL x000A
(3391) 0020  0000000000100000 (   9)                 .FILL x0020
(3392) 0020  0000000000100000 (   9)                 .FILL x0020
(3393) 0020  0000000000100000 (   9)                 .FILL x0020
(3394) 0031  0000000000110001 (   9)                 .FILL x0031
(3395) 0020  0000000000100000 (   9)                 .FILL x0020
(3396) 002D  0000000000101101 (   9)                 .FILL x002D
(3397) 0020  0000000000100000 (   9)                 .FILL x0020
(3398) 0049  0000000001001001 (   9)                 .FILL x0049
(3399) 006E  0000000001101110 (   9)                 .FILL x006E
(339A) 0074  0000000001110100 (   9)                 .FILL x0074
(339B) 0065  0000000001100101 (   9)                 .FILL x0065
(339C) 0067  0000000001100111 (   9)                 .FILL x0067
(339D) 0072  0000000001110010 (   9)                 .FILL x0072
(339E) 0061  0000000001100001 (   9)                 .FILL x0061
(339F) 0074  0000000001110100 (   9)                 .FILL x0074
(33A0) 0065  0000000001100101 (   9)                 .FILL x0065
(33A1) 0064  0000000001100100 (   9)                 .FILL x0064
(33A2) 000A  0000000000001010 (   9)                 .FILL x000A
(33A3) 0020  0000000000100000 (   9)                 .FILL x0020
(33A4) 0020  0000000000100000 (   9)                 .FILL x0020
(33A5) 0020  0000000000100000 (   9)                 .FILL x0020
(33A6) 0032  0000000000110010 (   9)                 .FILL x0032
(33A7) 0020  0000000000100000 (   9)                 .FILL x0020
(33A8) 002D  0000000000101101 (   9)                 .FILL x002D
(33A9) 0020  0000000000100000 (   9)                 .FILL x0020
(33AA) 004F  0000000001001111 (   9)                 .FILL x004F
(33AB) 006E  0000000001101110 (   9)                 .FILL x006E
(33AC) 0065  0000000001100101 (   9)                 .FILL x0065
(33AD) 000A  0000000000001010 (   9)                 .FILL x000A
(33AE) 0020  0000000000100000 (   9)                 .FILL x0020
(33AF) 0020  0000000000100000 (   9)                 .FILL x0020
(33B0) 0020  0000000000100000 (   9)                 .FILL x0020
(33B1) 0033  0000000000110011 (   9)                 .FILL x0033
(33B2) 0020  0000000000100000 (   9)                 .FILL x0020
(33B3) 002D  0000000000101101 (   9)                 .FILL x002D
(33B4) 0020  0000000000100000 (   9)                 .FILL x0020
(33B5) 0054  0000000001010100 (   9)                 .FILL x0054
(33B6) 0077  0000000001110111 (   9)                 .FILL x0077
(33B7) 006F  0000000001101111 (   9)                 .FILL x006F
(33B8) 0020  0000000000100000 (   9)                 .FILL x0020
(33B9) 006F  0000000001101111 (   9)                 .FILL x006F
(33BA) 0072  0000000001110010 (   9)                 .FILL x0072
(33BB) 0020  0000000000100000 (   9)                 .FILL x0020
(33BC) 0054  0000000001010100 (   9)                 .FILL x0054
(33BD) 0068  0000000001101000 (   9)                 .FILL x0068
(33BE) 0072  0000000001110010 (   9)                 .FILL x0072
(33BF) 0065  0000000001100101 (   9)                 .FILL x0065
(33C0) 0065  0000000001100101 (   9)                 .FILL x0065
(33C1) 000A  0000000000001010 (   9)                 .FILL x000A
(33C2) 0020  0000000000100000 (   9)                 .FILL x0020
(33C3) 0020  0000000000100000 (   9)                 .FILL x0020
(33C4) 0020  0000000000100000 (   9)                 .FILL x0020
(33C5) 0034  0000000000110100 (   9)                 .FILL x0034
(33C6) 0020  0000000000100000 (   9)                 .FILL x0020
(33C7) 002D  0000000000101101 (   9)                 .FILL x002D
(33C8) 0020  0000000000100000 (   9)                 .FILL x0020
(33C9) 0046  0000000001000110 (   9)                 .FILL x0046
(33CA) 006F  0000000001101111 (   9)                 .FILL x006F
(33CB) 0075  0000000001110101 (   9)                 .FILL x0075
(33CC) 0072  0000000001110010 (   9)                 .FILL x0072
(33CD) 0020  0000000000100000 (   9)                 .FILL x0020
(33CE) 0074  0000000001110100 (   9)                 .FILL x0074
(33CF) 006F  0000000001101111 (   9)                 .FILL x006F
(33D0) 0020  0000000000100000 (   9)                 .FILL x0020
(33D1) 004E  0000000001001110 (   9)                 .FILL x004E
(33D2) 0069  0000000001101001 (   9)                 .FILL x0069
(33D3) 006E  0000000001101110 (   9)                 .FILL x006E
(33D4) 0065  0000000001100101 (   9)                 .FILL x0065
(33D5) 000A  0000000000001010 (   9)                 .FILL x000A
(33D6) 0000  0000000000000000 (   9)                 .FILL x0000
(33D7) 0002  0000000000000010 (  10) Val_A2_1        .FILL x0002
(33D8) 0004  0000000000000100 (  11) Val_A2_2        .FILL x0004
(33D9) 0007  0000000000000111 (  12) Val_A2_3        .FILL x0007
(33DA) 000A  0000000000001010 (  13) Val_A2_4        .FILL x000A
(33DB) 000A  0000000000001010 (  15) Q3              .FILL x000A
(33DC) 0048  0000000001001000 (  15)                 .FILL x0048
(33DD) 006F  0000000001101111 (  15)                 .FILL x006F
(33DE) 0077  0000000001110111 (  15)                 .FILL x0077
(33DF) 0020  0000000000100000 (  15)                 .FILL x0020
(33E0) 0066  0000000001100110 (  15)                 .FILL x0066
(33E1) 0061  0000000001100001 (  15)                 .FILL x0061
(33E2) 0073  0000000001110011 (  15)                 .FILL x0073
(33E3) 0074  0000000001110100 (  15)                 .FILL x0074
(33E4) 0020  0000000000100000 (  15)                 .FILL x0020
(33E5) 0069  0000000001101001 (  15)                 .FILL x0069
(33E6) 0073  0000000001110011 (  15)                 .FILL x0073
(33E7) 0020  0000000000100000 (  15)                 .FILL x0020
(33E8) 0079  0000000001111001 (  15)                 .FILL x0079
(33E9) 006F  0000000001101111 (  15)                 .FILL x006F
(33EA) 0075  0000000001110101 (  15)                 .FILL x0075
(33EB) 0072  0000000001110010 (  15)                 .FILL x0072
(33EC) 0020  0000000000100000 (  15)                 .FILL x0020
(33ED) 0043  0000000001000011 (  15)                 .FILL x0043
(33EE) 0050  0000000001010000 (  15)                 .FILL x0050
(33EF) 0055  0000000001010101 (  15)                 .FILL x0055
(33F0) 003F  0000000000111111 (  15)                 .FILL x003F
(33F1) 000A  0000000000001010 (  15)                 .FILL x000A
(33F2) 0020  0000000000100000 (  15)                 .FILL x0020
(33F3) 0020  0000000000100000 (  15)                 .FILL x0020
(33F4) 0020  0000000000100000 (  15)                 .FILL x0020
(33F5) 0031  0000000000110001 (  15)                 .FILL x0031
(33F6) 0020  0000000000100000 (  15)                 .FILL x0020
(33F7) 002D  0000000000101101 (  15)                 .FILL x002D
(33F8) 0020  0000000000100000 (  15)                 .FILL x0020
(33F9) 0055  0000000001010101 (  15)                 .FILL x0055
(33FA) 006E  0000000001101110 (  15)                 .FILL x006E
(33FB) 0064  0000000001100100 (  15)                 .FILL x0064
(33FC) 0065  0000000001100101 (  15)                 .FILL x0065
(33FD) 0072  0000000001110010 (  15)                 .FILL x0072
(33FE) 0020  0000000000100000 (  15)                 .FILL x0020
(33FF) 0032  0000000000110010 (  15)                 .FILL x0032
(3400) 002E  0000000000101110 (  15)                 .FILL x002E
(3401) 0030  0000000000110000 (  15)                 .FILL x0030
(3402) 0067  0000000001100111 (  15)                 .FILL x0067
(3403) 0068  0000000001101000 (  15)                 .FILL x0068
(3404) 007A  0000000001111010 (  15)                 .FILL x007A
(3405) 000A  0000000000001010 (  15)                 .FILL x000A
(3406) 0020  0000000000100000 (  15)                 .FILL x0020
(3407) 0020  0000000000100000 (  15)                 .FILL x0020
(3408) 0020  0000000000100000 (  15)                 .FILL x0020
(3409) 0032  0000000000110010 (  15)                 .FILL x0032
(340A) 0020  0000000000100000 (  15)                 .FILL x0020
(340B) 002D  0000000000101101 (  15)                 .FILL x002D
(340C) 0020  0000000000100000 (  15)                 .FILL x0020
(340D) 0032  0000000000110010 (  15)                 .FILL x0032
(340E) 002E  0000000000101110 (  15)                 .FILL x002E
(340F) 0030  0000000000110000 (  15)                 .FILL x0030
(3410) 002D  0000000000101101 (  15)                 .FILL x002D
(3411) 0032  0000000000110010 (  15)                 .FILL x0032
(3412) 002E  0000000000101110 (  15)                 .FILL x002E
(3413) 0038  0000000000111000 (  15)                 .FILL x0038
(3414) 0067  0000000001100111 (  15)                 .FILL x0067
(3415) 0068  0000000001101000 (  15)                 .FILL x0068
(3416) 007A  0000000001111010 (  15)                 .FILL x007A
(3417) 000A  0000000000001010 (  15)                 .FILL x000A
(3418) 0020  0000000000100000 (  15)                 .FILL x0020
(3419) 0020  0000000000100000 (  15)                 .FILL x0020
(341A) 0020  0000000000100000 (  15)                 .FILL x0020
(341B) 0033  0000000000110011 (  15)                 .FILL x0033
(341C) 0020  0000000000100000 (  15)                 .FILL x0020
(341D) 002D  0000000000101101 (  15)                 .FILL x002D
(341E) 0020  0000000000100000 (  15)                 .FILL x0020
(341F) 0032  0000000000110010 (  15)                 .FILL x0032
(3420) 002E  0000000000101110 (  15)                 .FILL x002E
(3421) 0038  0000000000111000 (  15)                 .FILL x0038
(3422) 0067  0000000001100111 (  15)                 .FILL x0067
(3423) 0068  0000000001101000 (  15)                 .FILL x0068
(3424) 007A  0000000001111010 (  15)                 .FILL x007A
(3425) 002D  0000000000101101 (  15)                 .FILL x002D
(3426) 0033  0000000000110011 (  15)                 .FILL x0033
(3427) 002E  0000000000101110 (  15)                 .FILL x002E
(3428) 0036  0000000000110110 (  15)                 .FILL x0036
(3429) 0067  0000000001100111 (  15)                 .FILL x0067
(342A) 0068  0000000001101000 (  15)                 .FILL x0068
(342B) 007A  0000000001111010 (  15)                 .FILL x007A
(342C) 000A  0000000000001010 (  15)                 .FILL x000A
(342D) 0020  0000000000100000 (  15)                 .FILL x0020
(342E) 0020  0000000000100000 (  15)                 .FILL x0020
(342F) 0020  0000000000100000 (  15)                 .FILL x0020
(3430) 0034  0000000000110100 (  15)                 .FILL x0034
(3431) 0020  0000000000100000 (  15)                 .FILL x0020
(3432) 002D  0000000000101101 (  15)                 .FILL x002D
(3433) 0020  0000000000100000 (  15)                 .FILL x0020
(3434) 0033  0000000000110011 (  15)                 .FILL x0033
(3435) 002E  0000000000101110 (  15)                 .FILL x002E
(3436) 0036  0000000000110110 (  15)                 .FILL x0036
(3437) 0067  0000000001100111 (  15)                 .FILL x0067
(3438) 0068  0000000001101000 (  15)                 .FILL x0068
(3439) 007A  0000000001111010 (  15)                 .FILL x007A
(343A) 002B  0000000000101011 (  15)                 .FILL x002B
(343B) 000A  0000000000001010 (  15)                 .FILL x000A
(343C) 0000  0000000000000000 (  15)                 .FILL x0000
(343D) 0002  0000000000000010 (  16) Val_A3_1        .FILL x0002
(343E) 0004  0000000000000100 (  17) Val_A3_2        .FILL x0004
(343F) 0007  0000000000000111 (  18) Val_A3_3        .FILL x0007
(3440) 000A  0000000000001010 (  19) Val_A3_4        .FILL x000A
(3441) 000A  0000000000001010 (  21) Result1         .FILL x000A
(3442) 0059  0000000001011001 (  21)                 .FILL x0059
(3443) 006F  0000000001101111 (  21)                 .FILL x006F
(3444) 0075  0000000001110101 (  21)                 .FILL x0075
(3445) 0020  0000000000100000 (  21)                 .FILL x0020
(3446) 0063  0000000001100011 (  21)                 .FILL x0063
(3447) 0061  0000000001100001 (  21)                 .FILL x0061
(3448) 006E  0000000001101110 (  21)                 .FILL x006E
(3449) 0020  0000000000100000 (  21)                 .FILL x0020
(344A) 0067  0000000001100111 (  21)                 .FILL x0067
(344B) 0065  0000000001100101 (  21)                 .FILL x0065
(344C) 0074  0000000001110100 (  21)                 .FILL x0074
(344D) 0020  0000000000100000 (  21)                 .FILL x0020
(344E) 0062  0000000001100010 (  21)                 .FILL x0062
(344F) 0079  0000000001111001 (  21)                 .FILL x0079
(3450) 0020  0000000000100000 (  21)                 .FILL x0020
(3451) 0077  0000000001110111 (  21)                 .FILL x0077
(3452) 0069  0000000001101001 (  21)                 .FILL x0069
(3453) 0074  0000000001110100 (  21)                 .FILL x0074
(3454) 0068  0000000001101000 (  21)                 .FILL x0068
(3455) 0020  0000000000100000 (  21)                 .FILL x0020
(3456) 0064  0000000001100100 (  21)                 .FILL x0064
(3457) 0065  0000000001100101 (  21)                 .FILL x0065
(3458) 0066  0000000001100110 (  21)                 .FILL x0066
(3459) 0061  0000000001100001 (  21)                 .FILL x0061
(345A) 0075  0000000001110101 (  21)                 .FILL x0075
(345B) 006C  0000000001101100 (  21)                 .FILL x006C
(345C) 0074  0000000001110100 (  21)                 .FILL x0074
(345D) 0020  0000000000100000 (  21)                 .FILL x0020
(345E) 0063  0000000001100011 (  21)                 .FILL x0063
(345F) 006F  0000000001101111 (  21)                 .FILL x006F
(3460) 006F  0000000001101111 (  21)                 .FILL x006F
(3461) 006C  0000000001101100 (  21)                 .FILL x006C
(3462) 0069  0000000001101001 (  21)                 .FILL x0069
(3463) 006E  0000000001101110 (  21)                 .FILL x006E
(3464) 0067  0000000001100111 (  21)                 .FILL x0067
(3465) 002C  0000000000101100 (  21)                 .FILL x002C
(3466) 0020  0000000000100000 (  21)                 .FILL x0020
(3467) 0063  0000000001100011 (  21)                 .FILL x0063
(3468) 006F  0000000001101111 (  21)                 .FILL x006F
(3469) 006E  0000000001101110 (  21)                 .FILL x006E
(346A) 0067  0000000001100111 (  21)                 .FILL x0067
(346B) 0072  0000000001110010 (  21)                 .FILL x0072
(346C) 0061  0000000001100001 (  21)                 .FILL x0061
(346D) 0074  0000000001110100 (  21)                 .FILL x0074
(346E) 0073  0000000001110011 (  21)                 .FILL x0073
(346F) 002E  0000000000101110 (  21)                 .FILL x002E
(3470) 0000  0000000000000000 (  21)                 .FILL x0000
(3471) 000A  0000000000001010 (  22) Result2         .FILL x000A
(3472) 0047  0000000001000111 (  22)                 .FILL x0047
(3473) 0065  0000000001100101 (  22)                 .FILL x0065
(3474) 0074  0000000001110100 (  22)                 .FILL x0074
(3475) 0020  0000000000100000 (  22)                 .FILL x0020
(3476) 0061  0000000001100001 (  22)                 .FILL x0061
(3477) 0020  0000000000100000 (  22)                 .FILL x0020
(3478) 0062  0000000001100010 (  22)                 .FILL x0062
(3479) 0075  0000000001110101 (  22)                 .FILL x0075
(347A) 006E  0000000001101110 (  22)                 .FILL x006E
(347B) 0063  0000000001100011 (  22)                 .FILL x0063
(347C) 0068  0000000001101000 (  22)                 .FILL x0068
(347D) 0020  0000000000100000 (  22)                 .FILL x0020
(347E) 006F  0000000001101111 (  22)                 .FILL x006F
(347F) 0066  0000000001100110 (  22)                 .FILL x0066
(3480) 0020  0000000000100000 (  22)                 .FILL x0020
(3481) 0066  0000000001100110 (  22)                 .FILL x0066
(3482) 0061  0000000001100001 (  22)                 .FILL x0061
(3483) 006E  0000000001101110 (  22)                 .FILL x006E
(3484) 0073  0000000001110011 (  22)                 .FILL x0073
(3485) 0020  0000000000100000 (  22)                 .FILL x0020
(3486) 0061  0000000001100001 (  22)                 .FILL x0061
(3487) 006E  0000000001101110 (  22)                 .FILL x006E
(3488) 0064  0000000001100100 (  22)                 .FILL x0064
(3489) 0020  0000000000100000 (  22)                 .FILL x0020
(348A) 0077  0000000001110111 (  22)                 .FILL x0077
(348B) 0061  0000000001100001 (  22)                 .FILL x0061
(348C) 0074  0000000001110100 (  22)                 .FILL x0074
(348D) 0065  0000000001100101 (  22)                 .FILL x0065
(348E) 0072  0000000001110010 (  22)                 .FILL x0072
(348F) 0020  0000000000100000 (  22)                 .FILL x0020
(3490) 0063  0000000001100011 (  22)                 .FILL x0063
(3491) 006F  0000000001101111 (  22)                 .FILL x006F
(3492) 006F  0000000001101111 (  22)                 .FILL x006F
(3493) 006C  0000000001101100 (  22)                 .FILL x006C
(3494) 0020  0000000000100000 (  22)                 .FILL x0020
(3495) 0079  0000000001111001 (  22)                 .FILL x0079
(3496) 006F  0000000001101111 (  22)                 .FILL x006F
(3497) 0075  0000000001110101 (  22)                 .FILL x0075
(3498) 0072  0000000001110010 (  22)                 .FILL x0072
(3499) 0020  0000000000100000 (  22)                 .FILL x0020
(349A) 0043  0000000001000011 (  22)                 .FILL x0043
(349B) 0050  0000000001010000 (  22)                 .FILL x0050
(349C) 0055  0000000001010101 (  22)                 .FILL x0055
(349D) 002E  0000000000101110 (  22)                 .FILL x002E
(349E) 0000  0000000000000000 (  22)                 .FILL x0000
(349F) 000A  0000000000001010 (  23) Result3         .FILL x000A
(34A0) 0059  0000000001011001 (  23)                 .FILL x0059
(34A1) 006F  0000000001101111 (  23)                 .FILL x006F
(34A2) 0075  0000000001110101 (  23)                 .FILL x0075
(34A3) 0020  0000000000100000 (  23)                 .FILL x0020
(34A4) 0073  0000000001110011 (  23)                 .FILL x0073
(34A5) 0068  0000000001101000 (  23)                 .FILL x0068
(34A6) 006F  0000000001101111 (  23)                 .FILL x006F
(34A7) 0075  0000000001110101 (  23)                 .FILL x0075
(34A8) 006C  0000000001101100 (  23)                 .FILL x006C
(34A9) 0064  0000000001100100 (  23)                 .FILL x0064
(34AA) 0020  0000000000100000 (  23)                 .FILL x0020
(34AB) 0068  0000000001101000 (  23)                 .FILL x0068
(34AC) 0061  0000000001100001 (  23)                 .FILL x0061
(34AD) 0076  0000000001110110 (  23)                 .FILL x0076
(34AE) 0065  0000000001100101 (  23)                 .FILL x0065
(34AF) 0020  0000000000100000 (  23)                 .FILL x0020
(34B0) 006D  0000000001101101 (  23)                 .FILL x006D
(34B1) 0075  0000000001110101 (  23)                 .FILL x0075
(34B2) 006C  0000000001101100 (  23)                 .FILL x006C
(34B3) 0074  0000000001110100 (  23)                 .FILL x0074
(34B4) 0069  0000000001101001 (  23)                 .FILL x0069
(34B5) 0070  0000000001110000 (  23)                 .FILL x0070
(34B6) 006C  0000000001101100 (  23)                 .FILL x006C
(34B7) 0065  0000000001100101 (  23)                 .FILL x0065
(34B8) 0020  0000000000100000 (  23)                 .FILL x0020
(34B9) 0077  0000000001110111 (  23)                 .FILL x0077
(34BA) 0061  0000000001100001 (  23)                 .FILL x0061
(34BB) 0074  0000000001110100 (  23)                 .FILL x0074
(34BC) 0065  0000000001100101 (  23)                 .FILL x0065
(34BD) 0072  0000000001110010 (  23)                 .FILL x0072
(34BE) 0020  0000000000100000 (  23)                 .FILL x0020
(34BF) 0063  0000000001100011 (  23)                 .FILL x0063
(34C0) 006F  0000000001101111 (  23)                 .FILL x006F
(34C1) 006F  0000000001101111 (  23)                 .FILL x006F
(34C2) 006C  0000000001101100 (  23)                 .FILL x006C
(34C3) 0069  0000000001101001 (  23)                 .FILL x0069
(34C4) 006E  0000000001101110 (  23)                 .FILL x006E
(34C5) 0067  0000000001100111 (  23)                 .FILL x0067
(34C6) 0020  0000000000100000 (  23)                 .FILL x0020
(34C7) 006C  0000000001101100 (  23)                 .FILL x006C
(34C8) 006F  0000000001101111 (  23)                 .FILL x006F
(34C9) 006F  0000000001101111 (  23)                 .FILL x006F
(34CA) 0070  0000000001110000 (  23)                 .FILL x0070
(34CB) 0073  0000000001110011 (  23)                 .FILL x0073
(34CC) 002E  0000000000101110 (  23)                 .FILL x002E
(34CD) 0000  0000000000000000 (  23)                 .FILL x0000
(34CE) 000A  0000000000001010 (  24) Result4         .FILL x000A
(34CF) 0043  0000000001000011 (  24)                 .FILL x0043
(34D0) 006F  0000000001101111 (  24)                 .FILL x006F
(34D1) 006E  0000000001101110 (  24)                 .FILL x006E
(34D2) 0073  0000000001110011 (  24)                 .FILL x0073
(34D3) 0069  0000000001101001 (  24)                 .FILL x0069
(34D4) 0064  0000000001100100 (  24)                 .FILL x0064
(34D5) 0065  0000000001100101 (  24)                 .FILL x0065
(34D6) 0072  0000000001110010 (  24)                 .FILL x0072
(34D7) 0020  0000000000100000 (  24)                 .FILL x0020
(34D8) 0075  0000000001110101 (  24)                 .FILL x0075
(34D9) 0073  0000000001110011 (  24)                 .FILL x0073
(34DA) 0069  0000000001101001 (  24)                 .FILL x0069
(34DB) 006E  0000000001101110 (  24)                 .FILL x006E
(34DC) 0067  0000000001100111 (  24)                 .FILL x0067
(34DD) 0020  0000000000100000 (  24)                 .FILL x0020
(34DE) 004C  0000000001001100 (  24)                 .FILL x004C
(34DF) 0069  0000000001101001 (  24)                 .FILL x0069
(34E0) 0071  0000000001110001 (  24)                 .FILL x0071
(34E1) 0075  0000000001110101 (  24)                 .FILL x0075
(34E2) 0069  0000000001101001 (  24)                 .FILL x0069
(34E3) 0064  0000000001100100 (  24)                 .FILL x0064
(34E4) 0020  0000000000100000 (  24)                 .FILL x0020
(34E5) 004E  0000000001001110 (  24)                 .FILL x004E
(34E6) 0069  0000000001101001 (  24)                 .FILL x0069
(34E7) 0074  0000000001110100 (  24)                 .FILL x0074
(34E8) 0072  0000000001110010 (  24)                 .FILL x0072
(34E9) 006F  0000000001101111 (  24)                 .FILL x006F
(34EA) 0067  0000000001100111 (  24)                 .FILL x0067
(34EB) 0065  0000000001100101 (  24)                 .FILL x0065
(34EC) 006E  0000000001101110 (  24)                 .FILL x006E
(34ED) 0020  0000000000100000 (  24)                 .FILL x0020
(34EE) 0062  0000000001100010 (  24)                 .FILL x0062
(34EF) 0065  0000000001100101 (  24)                 .FILL x0065
(34F0) 0066  0000000001100110 (  24)                 .FILL x0066
(34F1) 006F  0000000001101111 (  24)                 .FILL x006F
(34F2) 0072  0000000001110010 (  24)                 .FILL x0072
(34F3) 0065  0000000001100101 (  24)                 .FILL x0065
(34F4) 0020  0000000000100000 (  24)                 .FILL x0020
(34F5) 0079  0000000001111001 (  24)                 .FILL x0079
(34F6) 006F  0000000001101111 (  24)                 .FILL x006F
(34F7) 0075  0000000001110101 (  24)                 .FILL x0075
(34F8) 0072  0000000001110010 (  24)                 .FILL x0072
(34F9) 0020  0000000000100000 (  24)                 .FILL x0020
(34FA) 0043  0000000001000011 (  24)                 .FILL x0043
(34FB) 0050  0000000001010000 (  24)                 .FILL x0050
(34FC) 0055  0000000001010101 (  24)                 .FILL x0055
(34FD) 0020  0000000000100000 (  24)                 .FILL x0020
(34FE) 0065  0000000001100101 (  24)                 .FILL x0065
(34FF) 0078  0000000001111000 (  24)                 .FILL x0078
(3500) 0070  0000000001110000 (  24)                 .FILL x0070
(3501) 006C  0000000001101100 (  24)                 .FILL x006C
(3502) 006F  0000000001101111 (  24)                 .FILL x006F
(3503) 0064  0000000001100100 (  24)                 .FILL x0064
(3504) 0065  0000000001100101 (  24)                 .FILL x0065
(3505) 0073  0000000001110011 (  24)                 .FILL x0073
(3506) 0021  0000000000100001 (  24)                 .FILL x0021
(3507) 0000  0000000000000000 (  24)                 .FILL x0000
