(0000) 3000  0011000000000000 (   7)                 .ORIG x3000
(3000) E414  1110010000010100 (   9)                 LEA   R2 String
(3001) 2612  0010011000010010 (  10)                 LD    R3 Char
(3002) 5020  0101000000100000 (  12)                 AND   R0 R0 #0
(3003) 1DBF  0001110110111111 (  13)                 ADD   R6 R6 #-1
(3004) 7180  0111000110000000 (  14)                 STR   R0 R6 #0
(3005) 3821  0011100000100001 (  17) charCount       ST    R4 FCR4
(3006) 3E21  0011111000100001 (  18)                 ST    R7 FCR7
(3007) 6140  0110000101000000 (  19)                 LDR   R0 R5 #0
(3008) 280A  0010100000001010 (  20)                 LD    R4 Place
(3009) 1884  0001100010000100 (  21)                 ADD   R4 R2 R4
(300A) 0605  0000011000000101 (  22)                 BRZP  RTRN
(300B) 18C2  0001100011000010 (  23)                 ADD   R4 R3 R2
(300C) 0A01  0000101000000001 (  24)                 BRNP  ELSE
(300D) 1021  0001000000100001 (  25)                 ADD   R0 R0 #1
(300E) 14A1  0001010010100001 (  26) ELSE            ADD   R2 R2 #1
(300F) 4FF5  0100111111110101 (  27)                 JSR   charCount
(3010) 2816  0010100000010110 (  28) RTRN            LD    R4 FCR4
(3011) 2E16  0010111000010110 (  29)                 LD    R7 FCR7
(3012) C1C0  1100000111000000 (  30)                 RET   
(3013) FFEC  1111111111101100 (  33) Place           .FILL xFFEC
(3014) FF8C  1111111110001100 (  34) Char            .FILL xFF8C
(3015) 0074  0000000001110100 (  35) String          .FILL x0074
(3016) 0068  0000000001101000 (  35)                 .FILL x0068
(3017) 0069  0000000001101001 (  35)                 .FILL x0069
(3018) 0073  0000000001110011 (  35)                 .FILL x0073
(3019) 0069  0000000001101001 (  35)                 .FILL x0069
(301A) 0073  0000000001110011 (  35)                 .FILL x0073
(301B) 0061  0000000001100001 (  35)                 .FILL x0061
(301C) 0074  0000000001110100 (  35)                 .FILL x0074
(301D) 0065  0000000001100101 (  35)                 .FILL x0065
(301E) 0073  0000000001110011 (  35)                 .FILL x0073
(301F) 0074  0000000001110100 (  35)                 .FILL x0074
(3020) 006F  0000000001101111 (  35)                 .FILL x006F
(3021) 006E  0000000001101110 (  35)                 .FILL x006E
(3022) 0065  0000000001100101 (  35)                 .FILL x0065
(3023) 0074  0000000001110100 (  35)                 .FILL x0074
(3024) 0077  0000000001110111 (  35)                 .FILL x0077
(3025) 006F  0000000001101111 (  35)                 .FILL x006F
(3026) 0000  0000000000000000 (  35)                 .FILL x0000
(3027) 0000  0000000000000000 (  37) FCR4            .FILL x0000
(3028) 0000  0000000000000000 (  38) FCR7            .FILL x0000
