Release 9.1.03i - xst J.33
Copyright (c) 1995-2007 Xilinx, Inc.  All rights reserved.
--> Parameter TMPDIR set to ./xst/projnav.tmp
CPU : 0.00 / 0.42 s | Elapsed : 0.00 / 1.00 s
 
--> Parameter xsthdpdir set to ./xst
CPU : 0.00 / 0.42 s | Elapsed : 0.00 / 1.00 s
 
--> Reading design: proc3.prj

TABLE OF CONTENTS
  1) Synthesis Options Summary
  2) HDL Compilation
  3) Design Hierarchy Analysis
  4) HDL Analysis
  5) HDL Synthesis
     5.1) HDL Synthesis Report
  6) Advanced HDL Synthesis
     6.1) Advanced HDL Synthesis Report
  7) Low Level Synthesis
  8) Partition Report
  9) Final Report
     9.1) Device utilization summary
     9.2) Partition Resource Summary
     9.3) TIMING REPORT


=========================================================================
*                      Synthesis Options Summary                        *
=========================================================================
---- Source Parameters
Input File Name                    : "proc3.prj"
Input Format                       : mixed
Ignore Synthesis Constraint File   : NO

---- Target Parameters
Output File Name                   : "proc3"
Output Format                      : NGC
Target Device                      : xc3s500e-4-fg320

---- Source Options
Top Module Name                    : proc3
Automatic FSM Extraction           : YES
FSM Encoding Algorithm             : Auto
Safe Implementation                : No
FSM Style                          : lut
RAM Extraction                     : Yes
RAM Style                          : Auto
ROM Extraction                     : Yes
Mux Style                          : Auto
Decoder Extraction                 : YES
Priority Encoder Extraction        : YES
Shift Register Extraction          : YES
Logical Shifter Extraction         : YES
XOR Collapsing                     : YES
ROM Style                          : Auto
Mux Extraction                     : YES
Resource Sharing                   : YES
Asynchronous To Synchronous        : NO
Multiplier Style                   : auto
Automatic Register Balancing       : No

---- Target Options
Add IO Buffers                     : YES
Global Maximum Fanout              : 500
Add Generic Clock Buffer(BUFG)     : 24
Register Duplication               : YES
Slice Packing                      : YES
Optimize Instantiated Primitives   : NO
Use Clock Enable                   : Yes
Use Synchronous Set                : Yes
Use Synchronous Reset              : Yes
Pack IO Registers into IOBs        : auto
Equivalent register Removal        : YES

---- General Options
Optimization Goal                  : Speed
Optimization Effort                : 1
Library Search Order               : proc3.lso
Keep Hierarchy                     : NO
RTL Output                         : Yes
Global Optimization                : AllClockNets
Read Cores                         : YES
Write Timing Constraints           : NO
Cross Clock Analysis               : NO
Hierarchy Separator                : /
Bus Delimiter                      : <>
Case Specifier                     : maintain
Slice Utilization Ratio            : 100
BRAM Utilization Ratio             : 100
Verilog 2001                       : YES
Auto BRAM Packing                  : NO
Slice Utilization Ratio Delta      : 5

=========================================================================


=========================================================================
*                          HDL Compilation                              *
=========================================================================
Compiling vhdl file "C:/Documents and Settings/s169s4b1/Desktop/Lab8/tflipflop.vhd" in Library work.
Architecture behavioral of Entity tflipflop is up to date.
Compiling vhdl file "C:/Documents and Settings/s169s4b1/Desktop/Lab8/proc2.vhd" in Library work.
Architecture behavioral of Entity proc2 is up to date.
Compiling vhdl file "C:/Documents and Settings/s169s4b1/Desktop/Lab8/BCDto7.vhd" in Library work.
Architecture behavioral of Entity bcdto7 is up to date.
Compiling vhdl file "C:/Documents and Settings/s169s4b1/Desktop/Lab8/proc3.vhd" in Library work.
Entity <proc3> compiled.
Entity <proc3> (Architecture <behavioral>) compiled.

=========================================================================
*                     Design Hierarchy Analysis                         *
=========================================================================
Analyzing hierarchy for entity <proc3> in library <work> (architecture <behavioral>).

Analyzing hierarchy for entity <proc2> in library <work> (architecture <behavioral>).

Analyzing hierarchy for entity <BCDto7> in library <work> (architecture <behavioral>).

Analyzing hierarchy for entity <tflipflop> in library <work> (architecture <behavioral>).


=========================================================================
*                            HDL Analysis                               *
=========================================================================
Analyzing Entity <proc3> in library <work> (Architecture <behavioral>).
Entity <proc3> analyzed. Unit <proc3> generated.

Analyzing Entity <proc2> in library <work> (Architecture <behavioral>).
Entity <proc2> analyzed. Unit <proc2> generated.

Analyzing Entity <tflipflop> in library <work> (Architecture <behavioral>).
Entity <tflipflop> analyzed. Unit <tflipflop> generated.

Analyzing Entity <BCDto7> in library <work> (Architecture <behavioral>).
Entity <BCDto7> analyzed. Unit <BCDto7> generated.


=========================================================================
*                           HDL Synthesis                               *
=========================================================================

Performing bidirectional port resolution...

Synthesizing Unit <BCDto7>.
    Related source file is "C:/Documents and Settings/s169s4b1/Desktop/Lab8/BCDto7.vhd".
    Found 16x7-bit ROM for signal <display>.
    Summary:
	inferred   1 ROM(s).
Unit <BCDto7> synthesized.


Synthesizing Unit <tflipflop>.
    Related source file is "C:/Documents and Settings/s169s4b1/Desktop/Lab8/tflipflop.vhd".
    Found 1-bit register for signal <carry>.
    Summary:
	inferred   1 D-type flip-flop(s).
Unit <tflipflop> synthesized.


Synthesizing Unit <proc2>.
    Related source file is "C:/Documents and Settings/s169s4b1/Desktop/Lab8/proc2.vhd".
WARNING:Xst:653 - Signal <Tin> is used but never assigned. Tied to value 1.
Unit <proc2> synthesized.


Synthesizing Unit <proc3>.
    Related source file is "C:/Documents and Settings/s169s4b1/Desktop/Lab8/proc3.vhd".
Unit <proc3> synthesized.


=========================================================================
HDL Synthesis Report

Macro Statistics
# ROMs                                                 : 1
 16x7-bit ROM                                          : 1
# Registers                                            : 3
 1-bit register                                        : 3

=========================================================================

=========================================================================
*                       Advanced HDL Synthesis                          *
=========================================================================

Loading device for application Rf_Device from file '3s500e.nph' in environment C:\Xilinx\ISE91.

=========================================================================
Advanced HDL Synthesis Report

Macro Statistics
# ROMs                                                 : 1
 16x7-bit ROM                                          : 1
# Registers                                            : 3
 Flip-Flops                                            : 3

=========================================================================

=========================================================================
*                         Low Level Synthesis                           *
=========================================================================

Optimizing unit <proc3> ...

Mapping all equations...
Building and optimizing final netlist ...
Found area constraint ratio of 100 (+ 5) on block proc3, actual ratio is 0.

Final Macro Processing ...

=========================================================================
Final Register Report

Macro Statistics
# Registers                                            : 3
 Flip-Flops                                            : 3

=========================================================================

=========================================================================
*                          Partition Report                             *
=========================================================================

Partition Implementation Status
-------------------------------

  No Partitions were found in this design.

-------------------------------

=========================================================================
*                            Final Report                               *
=========================================================================
Final Results
RTL Top Level Output File Name     : proc3.ngr
Top Level Output File Name         : proc3
Output Format                      : NGC
Optimization Goal                  : Speed
Keep Hierarchy                     : NO

Design Statistics
# IOs                              : 14

Cell Usage :
# BELS                             : 13
#      GND                         : 1
#      INV                         : 4
#      LUT4                        : 7
#      VCC                         : 1
# FlipFlops/Latches                : 3
#      FDCE                        : 3
# Clock Buffers                    : 1
#      BUFG                        : 1
# IO Buffers                       : 14
#      IBUF                        : 2
#      OBUF                        : 12
=========================================================================

Device utilization summary:
---------------------------

Selected Device : 3s500efg320-4 

 Number of Slices:                       4  out of   4656     0%  
 Number of Slice Flip Flops:             3  out of   9312     0%  
 Number of 4 input LUTs:                11  out of   9312     0%  
 Number of IOs:                         14
 Number of bonded IOBs:                 14  out of    232     6%  
 Number of GCLKs:                        1  out of     24     4%  

---------------------------
Partition Resource Summary:
---------------------------

  No Partitions were found in this design.

---------------------------


=========================================================================
TIMING REPORT

NOTE: THESE TIMING NUMBERS ARE ONLY A SYNTHESIS ESTIMATE.
      FOR ACCURATE TIMING INFORMATION PLEASE REFER TO THE TRACE REPORT
      GENERATED AFTER PLACE-and-ROUTE.

Clock Information:
------------------
-----------------------------------+------------------------+-------+
Clock Signal                       | Clock buffer(FF name)  | Load  |
-----------------------------------+------------------------+-------+
CLK                                | IBUF+BUFG              | 1     |
Counter/C1/carry                   | NONE(Counter/C2/carry) | 1     |
Counter/C2/carry                   | NONE(Counter/C3/carry) | 1     |
-----------------------------------+------------------------+-------+
INFO:Xst:2169 - HDL ADVISOR - Some clock signals were not automatically buffered by XST with BUFG/BUFR resources. Please use the buffer_type constraint in order to insert these buffers to the clock signals to help prevent skew problems.

Asynchronous Control Signals Information:
----------------------------------------
---------------------------------------------+------------------------+-------+
Control Signal                               | Buffer(FF name)        | Load  |
---------------------------------------------+------------------------+-------+
Counter/C1/EN_inv(Counter/C1/EN_inv1_INV_0:O)| NONE(Counter/C1/carry) | 3     |
---------------------------------------------+------------------------+-------+

Timing Summary:
---------------
Speed Grade: -4

   Minimum period: 2.843ns (Maximum Frequency: 351.741MHz)
   Minimum input arrival time before clock: No path found
   Maximum output required time after clock: 5.982ns
   Maximum combinational path delay: 6.546ns

Timing Detail:
--------------
All values displayed in nanoseconds (ns)

=========================================================================
Timing constraint: Default period analysis for Clock 'CLK'
  Clock period: 2.843ns (frequency: 351.741MHz)
  Total number of paths / destination ports: 1 / 1
-------------------------------------------------------------------------
Delay:               2.843ns (Levels of Logic = 1)
  Source:            Counter/C1/carry (FF)
  Destination:       Counter/C1/carry (FF)
  Source Clock:      CLK rising
  Destination Clock: CLK rising

  Data Path: Counter/C1/carry to Counter/C1/carry
                                Gate     Net
    Cell:in->out      fanout   Delay   Delay  Logical Name (Net Name)
    ----------------------------------------  ------------
     FDCE:C->Q             9   0.591   0.820  Counter/C1/carry (Counter/C1/carry)
     INV:I->O              1   0.704   0.420  Counter/C1/carry_not00001_INV_0 (Counter/C1/carry_not0000)
     FDCE:D                    0.308          Counter/C1/carry
    ----------------------------------------
    Total                      2.843ns (1.603ns logic, 1.240ns route)
                                       (56.4% logic, 43.6% route)

=========================================================================
Timing constraint: Default period analysis for Clock 'Counter/C1/carry'
  Clock period: 2.843ns (frequency: 351.741MHz)
  Total number of paths / destination ports: 1 / 1
-------------------------------------------------------------------------
Delay:               2.843ns (Levels of Logic = 1)
  Source:            Counter/C2/carry (FF)
  Destination:       Counter/C2/carry (FF)
  Source Clock:      Counter/C1/carry rising
  Destination Clock: Counter/C1/carry rising

  Data Path: Counter/C2/carry to Counter/C2/carry
                                Gate     Net
    Cell:in->out      fanout   Delay   Delay  Logical Name (Net Name)
    ----------------------------------------  ------------
     FDCE:C->Q             9   0.591   0.820  Counter/C2/carry (Counter/C2/carry)
     INV:I->O              1   0.704   0.420  Counter/C2/carry_not00001_INV_0 (Counter/C2/carry_not0000)
     FDCE:D                    0.308          Counter/C2/carry
    ----------------------------------------
    Total                      2.843ns (1.603ns logic, 1.240ns route)
                                       (56.4% logic, 43.6% route)

=========================================================================
Timing constraint: Default period analysis for Clock 'Counter/C2/carry'
  Clock period: 2.780ns (frequency: 359.712MHz)
  Total number of paths / destination ports: 1 / 1
-------------------------------------------------------------------------
Delay:               2.780ns (Levels of Logic = 1)
  Source:            Counter/C3/carry (FF)
  Destination:       Counter/C3/carry (FF)
  Source Clock:      Counter/C2/carry rising
  Destination Clock: Counter/C2/carry rising

  Data Path: Counter/C3/carry to Counter/C3/carry
                                Gate     Net
    Cell:in->out      fanout   Delay   Delay  Logical Name (Net Name)
    ----------------------------------------  ------------
     FDCE:C->Q             8   0.591   0.757  Counter/C3/carry (Counter/C3/carry)
     INV:I->O              1   0.704   0.420  Counter/C3/carry_not00001_INV_0 (Counter/C3/carry_not0000)
     FDCE:D                    0.308          Counter/C3/carry
    ----------------------------------------
    Total                      2.780ns (1.603ns logic, 1.177ns route)
                                       (57.7% logic, 42.3% route)

=========================================================================
Timing constraint: Default OFFSET OUT AFTER for Clock 'Counter/C1/carry'
  Total number of paths / destination ports: 7 / 7
-------------------------------------------------------------------------
Offset:              5.982ns (Levels of Logic = 2)
  Source:            Counter/C2/carry (FF)
  Destination:       CACG<5> (PAD)
  Source Clock:      Counter/C1/carry rising

  Data Path: Counter/C2/carry to CACG<5>
                                Gate     Net
    Cell:in->out      fanout   Delay   Delay  Logical Name (Net Name)
    ----------------------------------------  ------------
     FDCE:C->Q             9   0.591   0.995  Counter/C2/carry (Counter/C2/carry)
     LUT4:I0->O            1   0.704   0.420  to7sef/Mrom_display61 (to7sef/Mrom_display5)
     OBUF:I->O                 3.272          CACG_5_OBUF (CACG<5>)
    ----------------------------------------
    Total                      5.982ns (4.567ns logic, 1.415ns route)
                                       (76.3% logic, 23.7% route)

=========================================================================
Timing constraint: Default OFFSET OUT AFTER for Clock 'CLK'
  Total number of paths / destination ports: 7 / 7
-------------------------------------------------------------------------
Offset:              5.982ns (Levels of Logic = 2)
  Source:            Counter/C1/carry (FF)
  Destination:       CACG<4> (PAD)
  Source Clock:      CLK rising

  Data Path: Counter/C1/carry to CACG<4>
                                Gate     Net
    Cell:in->out      fanout   Delay   Delay  Logical Name (Net Name)
    ----------------------------------------  ------------
     FDCE:C->Q             9   0.591   0.995  Counter/C1/carry (Counter/C1/carry)
     LUT4:I0->O            1   0.704   0.420  to7sef/Mrom_display51 (to7sef/Mrom_display4)
     OBUF:I->O                 3.272          CACG_4_OBUF (CACG<4>)
    ----------------------------------------
    Total                      5.982ns (4.567ns logic, 1.415ns route)
                                       (76.3% logic, 23.7% route)

=========================================================================
Timing constraint: Default OFFSET OUT AFTER for Clock 'Counter/C2/carry'
  Total number of paths / destination ports: 7 / 7
-------------------------------------------------------------------------
Offset:              5.919ns (Levels of Logic = 2)
  Source:            Counter/C3/carry (FF)
  Destination:       CACG<2> (PAD)
  Source Clock:      Counter/C2/carry rising

  Data Path: Counter/C3/carry to CACG<2>
                                Gate     Net
    Cell:in->out      fanout   Delay   Delay  Logical Name (Net Name)
    ----------------------------------------  ------------
     FDCE:C->Q             8   0.591   0.932  Counter/C3/carry (Counter/C3/carry)
     LUT4:I0->O            1   0.704   0.420  to7sef/Mrom_display31 (to7sef/Mrom_display2)
     OBUF:I->O                 3.272          CACG_2_OBUF (CACG<2>)
    ----------------------------------------
    Total                      5.919ns (4.567ns logic, 1.352ns route)
                                       (77.2% logic, 22.8% route)

=========================================================================
Timing constraint: Default path analysis
  Total number of paths / destination ports: 7 / 7
-------------------------------------------------------------------------
Delay:               6.546ns (Levels of Logic = 3)
  Source:            CLK (PAD)
  Destination:       CACG<6> (PAD)

  Data Path: CLK to CACG<6>
                                Gate     Net
    Cell:in->out      fanout   Delay   Delay  Logical Name (Net Name)
    ----------------------------------------  ------------
     IBUF:I->O             8   1.218   0.932  CLK_IBUF (CLK_IBUF1)
     LUT4:I0->O            1   0.704   0.420  to7sef/Mrom_display71 (to7sef/Mrom_display6)
     OBUF:I->O                 3.272          CACG_6_OBUF (CACG<6>)
    ----------------------------------------
    Total                      6.546ns (5.194ns logic, 1.352ns route)
                                       (79.3% logic, 20.7% route)

=========================================================================
CPU : 11.56 / 12.03 s | Elapsed : 11.00 / 12.00 s
 
--> 

Total memory usage is 157056 kilobytes

Number of errors   :    0 (   0 filtered)
Number of warnings :    1 (   0 filtered)
Number of infos    :    1 (   0 filtered)

